<?xml version="1.0" encoding="UTF-8"?>
<testsuite name="com.group.libraryapp.JunitTest" tests="2" skipped="0" failures="0" errors="0" timestamp="2023-10-22T12:39:59" hostname="imdoyeong-ui-MacBookPro.local" time="0.002">
  <properties/>
  <testcase name="test1()" classname="com.group.libraryapp.JunitTest" time="0.001"/>
  <testcase name="test2()" classname="com.group.libraryapp.JunitTest" time="0.0"/>
  <system-out><![CDATA[모든 테스트 시작 전
각 테스트 종료 후
test1
각 테스트전 실행 전
각 테스트 종료 후
test2
각 테스트전 실행 전
모든 테스트 종료 후
]]></system-out>
  <system-err><![CDATA[]]></system-err>
</testsuite>
